<?xml version="1.0" encoding="UTF-8"?>
<testng-results ignored="0" total="3" passed="3" failed="0" skipped="0">
  <reporter-output>
  </reporter-output>
  <suite started-at="2021-07-22T13:11:40Z" name="Suite" finished-at="2021-07-22T13:16:10Z" duration-ms="270404">
    <groups>
    </groups>
    <test started-at="2021-07-22T13:11:40Z" name="MoviesPageTest" finished-at="2021-07-22T13:11:47Z" duration-ms="7743">
      <class name="com.bookmyshow.testcases.MoviesTest">
        <test-method is-config="true" signature="openBrowser()[pri:0, instance:com.bookmyshow.testcases.MoviesTest@4d1bf319]" started-at="2021-07-22T13:11:40Z" name="openBrowser" finished-at="2021-07-22T13:11:41Z" duration-ms="1725" status="PASS">
          <reporter-output>
          </reporter-output>
        </test-method> <!-- openBrowser -->
        <test-method signature="moviesPageTest()[pri:0, instance:com.bookmyshow.testcases.MoviesTest@4d1bf319]" started-at="2021-07-22T13:11:41Z" name="moviesPageTest" finished-at="2021-07-22T13:11:47Z" duration-ms="5736" status="PASS">
          <reporter-output>
          </reporter-output>
        </test-method> <!-- moviesPageTest -->
        <test-method is-config="true" signature="flushReport()[pri:0, instance:com.bookmyshow.testcases.MoviesTest@4d1bf319]" started-at="2021-07-22T13:11:47Z" name="flushReport" finished-at="2021-07-22T13:11:47Z" duration-ms="270" status="PASS">
          <reporter-output>
          </reporter-output>
        </test-method> <!-- flushReport -->
      </class> <!-- com.bookmyshow.testcases.MoviesTest -->
    </test> <!-- MoviesPageTest -->
    <test started-at="2021-07-22T13:11:40Z" name="SigninPageTest" finished-at="2021-07-22T13:11:57Z" duration-ms="17787">
      <class name="com.bookmyshow.testcases.SignInTest">
        <test-method is-config="true" signature="openBrowser()[pri:0, instance:com.bookmyshow.testcases.SignInTest@1033576a]" started-at="2021-07-22T13:11:40Z" name="openBrowser" finished-at="2021-07-22T13:11:48Z" duration-ms="8577" status="PASS">
          <reporter-output>
          </reporter-output>
        </test-method> <!-- openBrowser -->
        <test-method signature="singinPageTest(java.lang.String)[pri:0, instance:com.bookmyshow.testcases.SignInTest@1033576a]" started-at="2021-07-22T13:11:48Z" name="singinPageTest" data-provider="EmailData" finished-at="2021-07-22T13:11:57Z" duration-ms="9102" status="PASS">
          <params>
            <param index="0">
              <value>
                <![CDATA[pxyz@gmail.com]]>
              </value>
            </param>
          </params>
          <reporter-output>
          </reporter-output>
        </test-method> <!-- singinPageTest -->
        <test-method is-config="true" signature="flushReport()[pri:0, instance:com.bookmyshow.testcases.SignInTest@1033576a]" started-at="2021-07-22T13:11:57Z" name="flushReport" finished-at="2021-07-22T13:11:57Z" duration-ms="100" status="PASS">
          <reporter-output>
          </reporter-output>
        </test-method> <!-- flushReport -->
      </class> <!-- com.bookmyshow.testcases.SignInTest -->
    </test> <!-- SigninPageTest -->
    <test started-at="2021-07-22T13:11:40Z" name="SportsPageTest" finished-at="2021-07-22T13:16:10Z" duration-ms="270404">
      <class name="com.bookmyshow.testcases.SportsPageTest">
        <test-method is-config="true" signature="openBrowser()[pri:0, instance:com.bookmyshow.testcases.SportsPageTest@7a5ceedd]" started-at="2021-07-22T13:11:40Z" name="openBrowser" finished-at="2021-07-22T13:11:58Z" duration-ms="18624" status="PASS">
          <reporter-output>
          </reporter-output>
        </test-method> <!-- openBrowser -->
        <test-method signature="sportsPageTest()[pri:0, instance:com.bookmyshow.testcases.SportsPageTest@7a5ceedd]" started-at="2021-07-22T13:11:58Z" name="sportsPageTest" finished-at="2021-07-22T13:16:10Z" duration-ms="251684" status="PASS">
          <reporter-output>
          </reporter-output>
        </test-method> <!-- sportsPageTest -->
        <test-method is-config="true" signature="flushReport()[pri:0, instance:com.bookmyshow.testcases.SportsPageTest@7a5ceedd]" started-at="2021-07-22T13:16:10Z" name="flushReport" finished-at="2021-07-22T13:16:10Z" duration-ms="89" status="PASS">
          <reporter-output>
          </reporter-output>
        </test-method> <!-- flushReport -->
      </class> <!-- com.bookmyshow.testcases.SportsPageTest -->
    </test> <!-- SportsPageTest -->
  </suite> <!-- Suite -->
</testng-results>
